<html>
<head>
<title>TestNG:  Railway test</title>
<link href="../testng.css" rel="stylesheet" type="text/css" />
<link href="../my-testng.css" rel="stylesheet" type="text/css" />

<style type="text/css">
.log { display: none;} 
.stack-trace { display: none;} 
</style>
<script type="text/javascript">
<!--
function flip(e) {
  current = e.style.display;
  if (current == 'block') {
    e.style.display = 'none';
    return 0;
  }
  else {
    e.style.display = 'block';
    return 1;
  }
}

function toggleBox(szDivId, elem, msg1, msg2)
{
  var res = -1;  if (document.getElementById) {
    res = flip(document.getElementById(szDivId));
  }
  else if (document.all) {
    // this is the way old msie versions work
    res = flip(document.all[szDivId]);
  }
  if(elem) {
    if(res == 0) elem.innerHTML = msg1; else elem.innerHTML = msg2;
  }

}

function toggleAllBoxes() {
  if (document.getElementsByTagName) {
    d = document.getElementsByTagName('div');
    for (i = 0; i < d.length; i++) {
      if (d[i].className == 'log') {
        flip(d[i]);
      }
    }
  }
}

// -->
</script>

</head>
<body>
<h2 align='center'>Railway test</h2><table border='1' align="center">
<tr>
<td>Tests passed/Failed/Skipped:</td><td>12/1/0</td>
</tr><tr>
<td>Started on:</td><td>Thu Jun 24 13:38:54 ICT 2021</td>
</tr>
<tr><td>Total time:</td><td>80 seconds (80592 ms)</td>
</tr><tr>
<td>Included groups:</td><td></td>
</tr><tr>
<td>Excluded groups:</td><td></td>
</tr>
</table><p/>
<small><i>(Hover the method name to see the test class name)</i></small><p/>
<table width='100%' border='1' class='invocation-failed'>
<tr><td colspan='4' align='center'><b>FAILED TESTS</b></td></tr>
<tr><td><b>Test method</b></td>
<td width="30%"><b>Exception</b></td>
<td width="10%"><b>Time (seconds)</b></td>
<td><b>Instance</b></td>
</tr>
<tr>
<td title='Testcases.Railway.LoginTest.TestCase05.TC05()'><b>TC05</b><br>Test class: Testcases.Railway.LoginTest.TestCase05<br>Test method: TC05 - System shows message when user enters wrong password several times</td>
<td><div><pre>java.lang.AssertionError: Login error message is not displayed as expected expected [You have used 4 out of 5 login attempts. After all 5 have been used, you will be unable to login for 15 minutes.] but found [Invalid username or password. Please try again.]
	at org.testng.Assert.fail(Assert.java:99)
	at org.testng.Assert.failNotEquals(Assert.java:1037)
	at org.testng.Assert.assertEqualsImpl(Assert.java:140)
	at org.testng.Assert.assertEquals(Assert.java:122)
	at org.testng.Assert.assertEquals(Assert.java:629)
	at Testcases.Railway.LoginTest.TestCase05.TC05(TestCase05.java:36)
	at java.base/jdk.internal.reflect.NativeMethodAccessorImpl.invoke0(Native Method)
	at java.base/jdk.internal.reflect.NativeMethodAccessorImpl.invoke(NativeMethodAccessorImpl.java:78)
	at java.base/jdk.internal.reflect.DelegatingMethodAccessorImpl.invoke(DelegatingMethodAccessorImpl.java:43)
	at java.base/java.lang.reflect.Method.invoke(Method.java:567)
	at org.testng.internal.MethodInvocationHelper.invokeMethod(MethodInvocationHelper.java:133)
	at org.testng.internal.TestInvoker.invokeMethod(TestInvoker.java:598)
	at org.testng.internal.TestInvoker.invokeTestMethod(TestInvoker.java:173)
	at org.testng.internal.MethodRunner.runInSequence(MethodRunner.java:46)
	at org.testng.internal.TestInvoker$MethodInvocationAgent.invoke(TestInvoker.java:824)
	at org.testng.internal.TestInvoker.invokeTestMethods(TestInvoker.java:146)
	at org.testng.internal.TestMethodWorker.invokeTestMethods(TestMethodWorker.java:146)
	at org.testng.internal.TestMethodWorker.run(TestMethodWorker.java:128)
	at java.base/java.util.ArrayList.forEach(ArrayList.java:1511)
	at org.testng.TestRunner.privateRun(TestRunner.java:794)
	at org.testng.TestRunner.run(TestRunner.java:596)
	at org.testng.SuiteRunner.runTest(SuiteRunner.java:377)
	at org.testng.SuiteRunner.runSequentially(SuiteRunner.java:371)
	at org.testng.SuiteRunner.privateRun(SuiteRunner.java:332)
	at org.testng.SuiteRunner.run(SuiteRunner.java:276)
	at org.testng.SuiteRunnerWorker.runSuite(SuiteRunnerWorker.java:53)
	at org.testng.SuiteRunnerWorker.run(SuiteRunnerWorker.java:96)
	at org.testng.TestNG.runSuitesSequentially(TestNG.java:1212)
	at org.testng.TestNG.runSuitesLocally(TestNG.java:1134)
	at org.testng.TestNG.runSuites(TestNG.java:1063)
	at org.testng.TestNG.run(TestNG.java:1031)
	at com.intellij.rt.testng.IDEARemoteTestNG.run(IDEARemoteTestNG.java:66)
	at com.intellij.rt.testng.RemoteTestNGStarter.main(RemoteTestNGStarter.java:109)
</pre></div><a href='#' onClick='toggleBox("stack-trace707892422", this, "Click to show all stack frames", "Click to hide stack frames")'>Click to show all stack frames</a>
<div class='stack-trace' id='stack-trace707892422'><pre>java.lang.AssertionError: Login error message is not displayed as expected expected [You have used 4 out of 5 login attempts. After all 5 have been used, you will be unable to login for 15 minutes.] but found [Invalid username or password. Please try again.]
	at org.testng.Assert.fail(Assert.java:99)
	at org.testng.Assert.failNotEquals(Assert.java:1037)
	at org.testng.Assert.assertEqualsImpl(Assert.java:140)
	at org.testng.Assert.assertEquals(Assert.java:122)
	at org.testng.Assert.assertEquals(Assert.java:629)
	at Testcases.Railway.LoginTest.TestCase05.TC05(TestCase05.java:36)
	at java.base/jdk.internal.reflect.NativeMethodAccessorImpl.invoke0(Native Method)
	at java.base/jdk.internal.reflect.NativeMethodAccessorImpl.invoke(NativeMethodAccessorImpl.java:78)
	at java.base/jdk.internal.reflect.DelegatingMethodAccessorImpl.invoke(DelegatingMethodAccessorImpl.java:43)
	at java.base/java.lang.reflect.Method.invoke(Method.java:567)
	at org.testng.internal.MethodInvocationHelper.invokeMethod(MethodInvocationHelper.java:133)
	at org.testng.internal.TestInvoker.invokeMethod(TestInvoker.java:598)
	at org.testng.internal.TestInvoker.invokeTestMethod(TestInvoker.java:173)
	at org.testng.internal.MethodRunner.runInSequence(MethodRunner.java:46)
	at org.testng.internal.TestInvoker$MethodInvocationAgent.invoke(TestInvoker.java:824)
	at org.testng.internal.TestInvoker.invokeTestMethods(TestInvoker.java:146)
	at org.testng.internal.TestMethodWorker.invokeTestMethods(TestMethodWorker.java:146)
	at org.testng.internal.TestMethodWorker.run(TestMethodWorker.java:128)
	at java.base/java.util.ArrayList.forEach(ArrayList.java:1511)
	at org.testng.TestRunner.privateRun(TestRunner.java:794)
	at org.testng.TestRunner.run(TestRunner.java:596)
	at org.testng.SuiteRunner.runTest(SuiteRunner.java:377)
	at org.testng.SuiteRunner.runSequentially(SuiteRunner.java:371)
	at org.testng.SuiteRunner.privateRun(SuiteRunner.java:332)
	at org.testng.SuiteRunner.run(SuiteRunner.java:276)
	at org.testng.SuiteRunnerWorker.runSuite(SuiteRunnerWorker.java:53)
	at org.testng.SuiteRunnerWorker.run(SuiteRunnerWorker.java:96)
	at org.testng.TestNG.runSuitesSequentially(TestNG.java:1212)
	at org.testng.TestNG.runSuitesLocally(TestNG.java:1134)
	at org.testng.TestNG.runSuites(TestNG.java:1063)
	at org.testng.TestNG.run(TestNG.java:1031)
	at com.intellij.rt.testng.IDEARemoteTestNG.run(IDEARemoteTestNG.java:66)
	at com.intellij.rt.testng.RemoteTestNGStarter.main(RemoteTestNGStarter.java:109)
</pre></div></td>
<td>6</td>
<td>Testcases.Railway.LoginTest.TestCase05@2145433b</td></tr>
</table><p>
<table width='100%' border='1' class='invocation-passed'>
<tr><td colspan='4' align='center'><b>PASSED TESTS</b></td></tr>
<tr><td><b>Test method</b></td>
<td width="30%"><b>Exception</b></td>
<td width="10%"><b>Time (seconds)</b></td>
<td><b>Instance</b></td>
</tr>
<tr>
<td title='Testcases.Railway.LoginTest.TestCase01.TC01()'><b>TC01</b><br>Test class: Testcases.Railway.LoginTest.TestCase01<br>Test method: TC01 - User can log into Railway with valid username and password</td>
<td></td>
<td>4</td>
<td>Testcases.Railway.LoginTest.TestCase01@29f69090</td></tr>
<tr>
<td title='Testcases.Railway.LoginTest.TestCase03.TC03()'><b>TC03</b><br>Test class: Testcases.Railway.LoginTest.TestCase03<br>Test method: TC03 - User cannot log into Railway with invalid password</td>
<td></td>
<td>3</td>
<td>Testcases.Railway.LoginTest.TestCase03@341b80b2</td></tr>
<tr>
<td title='Testcases.Railway.ChangePasswordTest.TestCase09.TC09()'><b>TC09</b><br>Test class: Testcases.Railway.ChangePasswordTest.TestCase09<br>Test method: TC09 - User can change password</td>
<td></td>
<td>5</td>
<td>Testcases.Railway.ChangePasswordTest.TestCase09@482cd91f</td></tr>
<tr>
<td title='Testcases.Railway.LoginTest.TestCase04.TC04()'><b>TC04</b><br>Test class: Testcases.Railway.LoginTest.TestCase04<br>Test method: TC04 - Login page displays when un-logged User clicks on "Book ticket" tab</td>
<td></td>
<td>3</td>
<td>Testcases.Railway.LoginTest.TestCase04@55a1c291</td></tr>
<tr>
<td title='Testcases.Railway.MyTicketTest.TestCase16.TC16()'><b>TC16</b><br>Test class: Testcases.Railway.MyTicketTest.TestCase16<br>Test method: TC16 - User can cancel a ticket</td>
<td></td>
<td>7</td>
<td>Testcases.Railway.MyTicketTest.TestCase16@1f1c7bf6</td></tr>
<tr>
<td title='Testcases.Railway.RegisterTest.TestCase11.TC11()'><b>TC11</b><br>Test class: Testcases.Railway.RegisterTest.TestCase11<br>Test method: TC11 - User can't create account while password and PID fields are empty</td>
<td></td>
<td>4</td>
<td>Testcases.Railway.RegisterTest.TestCase11@7d68ef40</td></tr>
<tr>
<td title='Testcases.Railway.LoginTest.TestCase02.TC02()'><b>TC02</b><br>Test class: Testcases.Railway.LoginTest.TestCase02<br>Test method: TC02 - User can't login with blank "Username" textbox</td>
<td></td>
<td>3</td>
<td>Testcases.Railway.LoginTest.TestCase02@8e0379d</td></tr>
<tr>
<td title='Testcases.Railway.TimetableTest.TestCase15.TC15()'><b>TC15</b><br>Test class: Testcases.Railway.TimetableTest.TestCase15<br>Test method: TC15 - User can open "Book ticket" page by clicking on "Book ticket" link in "Train timetable" page</td>
<td></td>
<td>5</td>
<td>Testcases.Railway.TimetableTest.TestCase15@75c072cb</td></tr>
<tr>
<td title='Testcases.Railway.RegisterTest.TestCase07.TC07()'><b>TC07</b><br>Test class: Testcases.Railway.RegisterTest.TestCase07<br>Test method: TC07 - User can create new account</td>
<td></td>
<td>4</td>
<td>Testcases.Railway.RegisterTest.TestCase07@40e6dfe1</td></tr>
<tr>
<td title='Testcases.Railway.LoginTest.TestCase06.TC06()'><b>TC06</b><br>Test class: Testcases.Railway.LoginTest.TestCase06<br>Test method: TC06 - Additional pages display once user logged in</td>
<td></td>
<td>7</td>
<td>Testcases.Railway.LoginTest.TestCase06@2890c451</td></tr>
<tr>
<td title='Testcases.Railway.RegisterTest.TestCase10.TC10()'><b>TC10</b><br>Test class: Testcases.Railway.RegisterTest.TestCase10<br>Test method: TC10 - User can't create account with "Confirm password" is not the same with "Password"</td>
<td></td>
<td>3</td>
<td>Testcases.Railway.RegisterTest.TestCase10@123f1134</td></tr>
<tr>
<td title='Testcases.Railway.BookTicketTest.TestCase14.TC14()'><b>TC14</b><br>Test class: Testcases.Railway.BookTicketTest.TestCase14<br>Test method: TC14 - User can book 1 ticket at a time</td>
<td></td>
<td>5</td>
<td>Testcases.Railway.BookTicketTest.TestCase14@5b0abc94</td></tr>
</table><p>
</body>
</html>